<?xml version="1.0" encoding="UTF-8"?>
<testsuite xmlns:xsi="http://www.w3.org/2001/XMLSchema-instance" xsi:noNamespaceSchemaLocation="https://maven.apache.org/surefire/maven-surefire-plugin/xsd/surefire-test-report-3.0.xsd" version="3.0" name="controle.leite.banco.DaoTest" time="0.297" tests="1" errors="0" skipped="0" failures="0">
  <properties>
[...]
</properties>
  <testcase name="testInserir" classname="controle.leite.banco.DaoTest" time="0.281">
    <system-err><![CDATA[nov. 05, 2024 11:10:05 AM com.mongodb.internal.diagnostics.logging.Loggers shouldUseSLF4J
WARNING: SLF4J not found on the classpath.  Logging is disabled for the 'org.mongodb.driver' component
nov. 05, 2024 11:10:05 AM org.bson.diagnostics.Loggers shouldUseSLF4J
WARNING: SLF4J not found on the classpath. Logging is disabled for the 'org.bson' component
]]></system-err>
  </testcase>
</testsuite>